  Assembling test.asm...
test.asm(2): fatal error A1000: cannot open file : Irvine32.inc
C:\Program Files\Microsoft Visual Studio\2022\Community\MSBuild\Microsoft\VC\v170\BuildCustomizations\masm.targets(70,5): error MSB3721: The command "ml64.exe /c /nologo /Zi /Fo"x64\Debug\test.obj" /W3 /errorReport:prompt  /Tatest.asm" exited with code 1.
